0 info it worked if it ends with ok
1 verbose cli [ '/usr/local/bin/node', '/usr/local/bin/npm', 'run', 'dev' ]
2 info using npm@3.3.12
3 info using node@v5.3.0
4 verbose run-script [ 'predev', 'dev', 'postdev' ]
5 info lifecycle vue-login@1.0.0~predev: vue-login@1.0.0
6 silly lifecycle vue-login@1.0.0~predev: no script for predev, continuing
7 info lifecycle vue-login@1.0.0~dev: vue-login@1.0.0
8 verbose lifecycle vue-login@1.0.0~dev: unsafe-perm in lifecycle true
9 verbose lifecycle vue-login@1.0.0~dev: PATH: /usr/local/lib/node_modules/npm/bin/node-gyp-bin:/Users/xurui/git/vip-xgqq/node_modules/.bin:/usr/local/php5/bin:/Users/xurui/Downloads/temp/play-1.2.7:/Library/Java/JavaVirtualMachines/jdk1.7.0_79.jdk/Contents/Home//bin:/usr/local/php5/bin:/Users/xurui/Downloads/temp/play-1.2.7:/Library/Java/JavaVirtualMachines/jdk1.7.0_79.jdk/Contents/Home//bin:/Users/xurui/bin:/usr/local/bin:/usr/local/bin:/usr/bin:/bin:/usr/sbin:/sbin:/usr/local/mysql/bin:/Users/xurui/Library/tomcat/bin:/Users/xurui/Library/tomcat/bin
10 verbose lifecycle vue-login@1.0.0~dev: CWD: /Users/xurui/git/vip-xgqq
11 silly lifecycle vue-login@1.0.0~dev: Args: [ '-c', 'node build/dev-server.js' ]
12 silly lifecycle vue-login@1.0.0~dev: Returned: code: 1  signal: null
13 info lifecycle vue-login@1.0.0~dev: Failed to exec dev script
14 verbose stack Error: vue-login@1.0.0 dev: `node build/dev-server.js`
14 verbose stack Exit status 1
14 verbose stack     at EventEmitter.<anonymous> (/usr/local/lib/node_modules/npm/lib/utils/lifecycle.js:232:16)
14 verbose stack     at emitTwo (events.js:87:13)
14 verbose stack     at EventEmitter.emit (events.js:172:7)
14 verbose stack     at ChildProcess.<anonymous> (/usr/local/lib/node_modules/npm/lib/utils/spawn.js:24:14)
14 verbose stack     at emitTwo (events.js:87:13)
14 verbose stack     at ChildProcess.emit (events.js:172:7)
14 verbose stack     at maybeClose (internal/child_process.js:818:16)
14 verbose stack     at Process.ChildProcess._handle.onexit (internal/child_process.js:211:5)
15 verbose pkgid vue-login@1.0.0
16 verbose cwd /Users/xurui/git/vip-xgqq
17 error Darwin 15.5.0
18 error argv "/usr/local/bin/node" "/usr/local/bin/npm" "run" "dev"
19 error node v5.3.0
20 error npm  v3.3.12
21 error code ELIFECYCLE
22 error vue-login@1.0.0 dev: `node build/dev-server.js`
22 error Exit status 1
23 error Failed at the vue-login@1.0.0 dev script 'node build/dev-server.js'.
23 error Make sure you have the latest version of node.js and npm installed.
23 error If you do, this is most likely a problem with the vue-login package,
23 error not with npm itself.
23 error Tell the author that this fails on your system:
23 error     node build/dev-server.js
23 error You can get their info via:
23 error     npm owner ls vue-login
23 error There is likely additional logging output above.
24 verbose exit [ 1, true ]
